<?xml version="1.0" encoding="UTF-8"?>
<!-- Generated by org.testng.reporters.JUnitXMLReporter -->
<testsuite hostname="DESKTOP-109QLBP" ignored="2" name="Default test" tests="1" failures="0" timestamp="2020-04-27T17:08:21 ICT" time="42.094" errors="0">
  <testcase name="AgodaTestsTC_03" time="31.983" classname="TestModules.Agoda_TestSuite.AgodaTests"/>
  <testcase name="AgodaTestsTC_01" time="0.0" classname="TestModules.Agoda_TestSuite.AgodaTests">
    <ignored/>
  </testcase> <!-- AgodaTestsTC_01 -->
  <testcase name="AgodaTestsTC_02" time="0.0" classname="TestModules.Agoda_TestSuite.AgodaTests">
    <ignored/>
  </testcase> <!-- AgodaTestsTC_02 -->
</testsuite> <!-- Default test -->
