<?xml version="1.0" encoding="UTF-8"?>
<testng-results skipped="0" failed="1" ignored="0" total="2" passed="1">
  <reporter-output>
  </reporter-output>
  <suite name="Default suite" duration-ms="49000" started-at="2022-09-22T13:41:26 ICT" finished-at="2022-09-22T13:42:15 ICT">
    <groups>
    </groups>
    <test name="Default test" duration-ms="49000" started-at="2022-09-22T13:41:26 ICT" finished-at="2022-09-22T13:42:15 ICT">
      <class name="TestModules.LogigearEmail_TestSuite.MailBoxTests">
        <test-method status="PASS" signature="beforeMethod(java.lang.String)[pri:0, instance:TestModules.LogigearEmail_TestSuite.MailBoxTests@6e6c3152]" name="beforeMethod" is-config="true" duration-ms="2073" started-at="2022-09-22T13:41:26 ICT" finished-at="2022-09-22T13:41:28 ICT">
          <params>
            <param index="0">
              <value>
                <![CDATA[Chrome]]>
              </value>
            </param>
          </params>
          <reporter-output>
          </reporter-output>
        </test-method> <!-- beforeMethod -->
        <test-method status="PASS" signature="MailBoxTestsTC_01()[pri:0, instance:TestModules.LogigearEmail_TestSuite.MailBoxTests@6e6c3152]" name="MailBoxTestsTC_01" duration-ms="22276" started-at="2022-09-22T13:41:28 ICT" finished-at="2022-09-22T13:41:50 ICT">
          <reporter-output>
          </reporter-output>
        </test-method> <!-- MailBoxTestsTC_01 -->
        <test-method status="PASS" signature="afterMethod()[pri:0, instance:TestModules.LogigearEmail_TestSuite.MailBoxTests@6e6c3152]" name="afterMethod" is-config="true" duration-ms="0" started-at="2022-09-22T13:41:50 ICT" finished-at="2022-09-22T13:41:50 ICT">
          <reporter-output>
          </reporter-output>
        </test-method> <!-- afterMethod -->
        <test-method status="PASS" signature="beforeMethod(java.lang.String)[pri:0, instance:TestModules.LogigearEmail_TestSuite.MailBoxTests@6e6c3152]" name="beforeMethod" is-config="true" duration-ms="1245" started-at="2022-09-22T13:41:50 ICT" finished-at="2022-09-22T13:41:51 ICT">
          <params>
            <param index="0">
              <value>
                <![CDATA[Chrome]]>
              </value>
            </param>
          </params>
          <reporter-output>
          </reporter-output>
        </test-method> <!-- beforeMethod -->
        <test-method status="FAIL" signature="MailBoxTestsTC_02()[pri:0, instance:TestModules.LogigearEmail_TestSuite.MailBoxTests@6e6c3152]" name="MailBoxTestsTC_02" duration-ms="23124" started-at="2022-09-22T13:41:51 ICT" finished-at="2022-09-22T13:42:14 ICT">
          <exception class="java.lang.AssertionError">
            <message>
              <![CDATA[Failed]]>
            </message>
            <full-stacktrace>
              <![CDATA[java.lang.AssertionError: Failed
at org.testng.Assert.fail(Assert.java:97)
at Actions.LogigearEmailActions.checkMailInBox(LogigearEmailActions.java:138)
at TestModules.LogigearEmail_TestSuite.MailBoxTests.MailBoxTestsTC_02(MailBoxTests.java:56)
at sun.reflect.NativeMethodAccessorImpl.invoke0(Native Method)
at sun.reflect.NativeMethodAccessorImpl.invoke(Unknown Source)
at sun.reflect.DelegatingMethodAccessorImpl.invoke(Unknown Source)
at java.lang.reflect.Method.invoke(Unknown Source)
at org.testng.internal.MethodInvocationHelper.invokeMethod(MethodInvocationHelper.java:133)
at org.testng.internal.TestInvoker.invokeMethod(TestInvoker.java:584)
at org.testng.internal.TestInvoker.invokeTestMethod(TestInvoker.java:172)
at org.testng.internal.MethodRunner.runInSequence(MethodRunner.java:46)
at org.testng.internal.TestInvoker$MethodInvocationAgent.invoke(TestInvoker.java:804)
at org.testng.internal.TestInvoker.invokeTestMethods(TestInvoker.java:145)
at org.testng.internal.TestMethodWorker.invokeTestMethods(TestMethodWorker.java:146)
at org.testng.internal.TestMethodWorker.run(TestMethodWorker.java:128)
at java.util.ArrayList.forEach(Unknown Source)
at org.testng.TestRunner.privateRun(TestRunner.java:770)
at org.testng.TestRunner.run(TestRunner.java:591)
at org.testng.SuiteRunner.runTest(SuiteRunner.java:402)
at org.testng.SuiteRunner.runSequentially(SuiteRunner.java:396)
at org.testng.SuiteRunner.privateRun(SuiteRunner.java:355)
at org.testng.SuiteRunner.run(SuiteRunner.java:304)
at org.testng.SuiteRunnerWorker.runSuite(SuiteRunnerWorker.java:53)
at org.testng.SuiteRunnerWorker.run(SuiteRunnerWorker.java:96)
at org.testng.TestNG.runSuitesSequentially(TestNG.java:1180)
at org.testng.TestNG.runSuitesLocally(TestNG.java:1102)
at org.testng.TestNG.runSuites(TestNG.java:1032)
at org.testng.TestNG.run(TestNG.java:1000)
at org.testng.remote.AbstractRemoteTestNG.run(AbstractRemoteTestNG.java:115)
at org.testng.remote.RemoteTestNG.initAndRun(RemoteTestNG.java:251)
at org.testng.remote.RemoteTestNG.main(RemoteTestNG.java:77)
]]>
            </full-stacktrace>
          </exception> <!-- java.lang.AssertionError -->
          <reporter-output>
          </reporter-output>
        </test-method> <!-- MailBoxTestsTC_02 -->
        <test-method status="PASS" signature="afterMethod()[pri:0, instance:TestModules.LogigearEmail_TestSuite.MailBoxTests@6e6c3152]" name="afterMethod" is-config="true" duration-ms="0" started-at="2022-09-22T13:42:15 ICT" finished-at="2022-09-22T13:42:15 ICT">
          <reporter-output>
          </reporter-output>
        </test-method> <!-- afterMethod -->
      </class> <!-- TestModules.LogigearEmail_TestSuite.MailBoxTests -->
    </test> <!-- Default test -->
  </suite> <!-- Default suite -->
</testng-results>
